<?xml version="1.0" encoding="UTF-8"?>
<testsuite name="rspec" tests="3" skipped="0" failures="1" errors="0" time="0.017001" timestamp="2019-01-24T22:17:57-07:00" hostname="JS-PC">
  <properties>
    <property name="seed" value="29522"/>
  </properties>
  <testcase classname="spec.demo_1_spec" name="demo 1 with tests for demonstration always passes" file="./spec/demo_1_spec.rb" time="0.001000"></testcase>
  <testcase classname="spec.demo_2_spec" name="demo 2 with tests for demonstration sometimes passes" file="./spec/demo_2_spec.rb" time="0.001000"></testcase>
  <testcase classname="spec.demo_3_spec" name="demo 3 with tests for demonstration more often passes" file="./spec/demo_3_spec.rb" time="0.014001"><failure message="expected: &lt; 0.85
     got:   0.9199158781050316" type="RSpec::Expectations::ExpectationNotMetError">Failure/Error: expect(r.rand(1.0)).to be &lt; 0.85
    expected: &lt; 0.85
    got:   0.9199158781050316
    ./spec/demo_3_spec.rb:8:in `block (3 levels) in &lt;top (required)&gt;&apos;</failure></testcase>
</testsuite>
